<?xml version="1.0" encoding="UTF-8"?>
<!-- Generated by org.testng.reporters.JUnitReportReporter -->
<testsuite hostname="Ty" failures="0" tests="1" name="BrowserTest" time="4.767" errors="0" timestamp="27 6æœˆ 2021 14:23:02 GMT" skipped="0">
  <testcase classname="BrowserTest" name="testBrowser" time="4.767"/>
</testsuite> <!-- BrowserTest -->
